-o-o-o-o-o-
Fecha: 09-12-2015 12:24:13
Operacion: Tipos Documento
Usuario: toba
Version-PHP: 5.4.45
Servidor: localhost
URI: /comunidades/1.0/aplicacion.php?tm=1&tcm=previsualizacion&ai=comunidades||3498
Referrer: http://localhost:8080/comunidades/1.0/aplicacion.php?tm=1&tcm=previsualizacion&ai=comunidades||3502
Host: 10.0.2.2
==========
[INFO][toba] Se detecto acceso desde el menu. Se limpia la memoria de la operacion
[DEBUG][comunidades] INSTALACION "C:/ServidorWeb/comunidades/instalacion"
[DEBUG][comunidades] Parametros instancia desarrollo: array (
  'base' => 'toba_2_7',
  'proyectos' => 'toba_editor, toba_referencia, toba_usuarios, comunidades',
  'tipo' => 'normal',
  'toba_editor' => 
  array (
    'path' => 'C:\\ServidorWeb\\comunidades\\vendor\\siu-toba\\framework/proyectos/toba_editor',
    'url' => '/toba_editor/2.7',
  ),
  'toba_referencia' => 
  array (
    'path' => 'C:\\ServidorWeb\\comunidades\\vendor\\siu-toba\\framework/proyectos/toba_referencia',
    'url' => '/toba_referencia/2.7',
  ),
  'toba_usuarios' => 
  array (
    'path' => 'C:\\ServidorWeb\\comunidades\\vendor\\siu-toba\\framework/proyectos/toba_usuarios',
    'url' => '/toba_usuarios/2.7',
  ),
  'comunidades' => 
  array (
    'path' => 'C:\\ServidorWeb\\comunidades\\src',
    'url' => '/comunidades/1.0',
  ),
)
[DEBUG][comunidades] INSTANCIA "desarrollo"
[DEBUG][comunidades] Conectando a base 'toba_2_7'
[DEBUG][comunidades] Parametros de conexion: array (
  'motor' => 'postgres7',
  'profile' => 'localhost',
  'usuario' => 'postgres',
  'clave' => 'pgsadmin',
  'base' => 'toba_2_7',
  'puerto' => '5432',
  'encoding' => 'LATIN1',
  'schema' => 'desarrollo',
)
[DEBUG][comunidades] PROYECTO "comunidades"
[DEBUG][comunidades] PUNTO DE MONTAJE: se cargó exitosamente el autoload del punto de montaje proyecto
[DEBUG][comunidades] PROYECTO "comunidades"
[DEBUG][comunidades] (
				SELECT 	amo.padre,
							amo.carpeta,
							amo.proyecto,
							amo.item,
							amo.descripcion as nombre,
							ai.orden as 		orden,
							ai.imagen,
							ai.imagen_recurso_origen,
							amo.padre = '1' as es_primer_nivel
				   FROM 
							apex_usuario_grupo_acc auga
						JOIN apex_menu_operaciones amo ON (auga.menu_usuario = amo.menu_id AND auga.proyecto = amo.proyecto)
						JOIN apex_usuario_grupo_acc_item augai ON (auga.proyecto = augai.proyecto AND auga.usuario_grupo_acc = augai.usuario_grupo_acc AND augai.item = amo.item)
						JOIN apex_item ai ON (augai.item = ai.item AND augai.proyecto = ai.proyecto)	
				  WHERE (ai.menu = 1)
					AND ai.item != ai.padre
					AND	(auga.usuario_grupo_acc IN ('admin') OR ai.publico = 1)
					AND	(amo.proyecto = 'comunidades')
					AND auga.menu_usuario IS NOT NULL
			UNION
				SELECT 	ai.padre,
						ai.carpeta,
						ai.proyecto,
						ai.item,
						ai.nombre as nombre,
						ai.orden as 		orden,
						ai.imagen,
						ai.imagen_recurso_origen,
						ai.padre = '1' as es_primer_nivel
				FROM 
						apex_usuario_grupo_acc auga
					JOIN apex_usuario_grupo_acc_item augai ON (auga.proyecto = augai.proyecto AND auga.usuario_grupo_acc = augai.usuario_grupo_acc)
					JOIN apex_item ai ON (augai.item = ai.item AND augai.proyecto = ai.proyecto)	
				WHERE auga.menu_usuario is null
					AND (ai.menu = 1)
					AND ai.item != ai.padre
					AND	(auga.usuario_grupo_acc IN ('admin') OR ai.publico = 1)
					AND	(ai.proyecto = 'comunidades')
			) ORDER BY 1, 6
[DEBUG][toba] [SECCION] Iniciando componentes...
[INFO][comunidades] PUNTO MONTAJE: se cargó la clase tipos_documento/ci_tipos_documento.php del punto de montaje proyecto. El path del mismo es C:\ServidorWeb\comunidades\src/php
[DEBUG][toba] componente(2469): [callback][ ini__operacion ]
[DEBUG][toba] [SECCION] Procesando eventos...
[INFO][toba] componente(2469): No hay seńales de un servicio anterior, no se atrapan eventos
[DEBUG][toba] [SECCION] Configurando dependencias para responder al servicio...
[DEBUG][toba] componente(2469): Pantalla de servicio: 'pant_seleccion'
[INFO][toba] componente(2469): [ callback ] 'conf__pant_seleccion' no fue atrapado
[DEBUG][toba] componente(2469): [ callback ] 'conf__cuadro'
[INFO][comunidades] PUNTO MONTAJE: se cargó la clase datos/dt_tiposdocumento.php del punto de montaje proyecto. El path del mismo es C:\ServidorWeb\comunidades\src/php
[DEBUG][comunidades] Inicializando perfil de datos para el proyecto comunidades
[DEBUG][comunidades] SQL con perfil de datos: SELECT
			t_t.id_tipodocumento,
			t_c.comunidad as id_comunidad_nombre,
			t_t.tipodocumento
		FROM
			tiposdocumento as t_t,
			comunidades as t_c
		WHERE
				t_t.id_comunidad = t_c.id_comunidad
		ORDER BY tipodocumento
[DEBUG][toba] [SECCION] Respondiendo al servicio__generar_html...

-o-o-o-o-o-
Fecha: 09-12-2015 12:24:16
Operacion: Tipos Documento
Usuario: toba
Version-PHP: 5.4.45
Servidor: localhost
URI: /comunidades/1.0/aplicacion.php?ah=st5668479d6aa563.43902588&ai=comunidades||3498&tcm=previsualizacion
Referrer: http://localhost:8080/comunidades/1.0/aplicacion.php?tm=1&tcm=previsualizacion&ai=comunidades||3498
Host: 10.0.2.2
==========
[DEBUG][comunidades] INSTALACION "C:/ServidorWeb/comunidades/instalacion"
[DEBUG][comunidades] Parametros instancia desarrollo: array (
  'base' => 'toba_2_7',
  'proyectos' => 'toba_editor, toba_referencia, toba_usuarios, comunidades',
  'tipo' => 'normal',
  'toba_editor' => 
  array (
    'path' => 'C:\\ServidorWeb\\comunidades\\vendor\\siu-toba\\framework/proyectos/toba_editor',
    'url' => '/toba_editor/2.7',
  ),
  'toba_referencia' => 
  array (
    'path' => 'C:\\ServidorWeb\\comunidades\\vendor\\siu-toba\\framework/proyectos/toba_referencia',
    'url' => '/toba_referencia/2.7',
  ),
  'toba_usuarios' => 
  array (
    'path' => 'C:\\ServidorWeb\\comunidades\\vendor\\siu-toba\\framework/proyectos/toba_usuarios',
    'url' => '/toba_usuarios/2.7',
  ),
  'comunidades' => 
  array (
    'path' => 'C:\\ServidorWeb\\comunidades\\src',
    'url' => '/comunidades/1.0',
  ),
)
[DEBUG][comunidades] INSTANCIA "desarrollo"
[DEBUG][comunidades] Conectando a base 'toba_2_7'
[DEBUG][comunidades] Parametros de conexion: array (
  'motor' => 'postgres7',
  'profile' => 'localhost',
  'usuario' => 'postgres',
  'clave' => 'pgsadmin',
  'base' => 'toba_2_7',
  'puerto' => '5432',
  'encoding' => 'LATIN1',
  'schema' => 'desarrollo',
)
[DEBUG][comunidades] PROYECTO "comunidades"
[DEBUG][comunidades] PUNTO DE MONTAJE: se cargó exitosamente el autoload del punto de montaje proyecto
[DEBUG][comunidades] PROYECTO "comunidades"
[DEBUG][comunidades] (
				SELECT 	amo.padre,
							amo.carpeta,
							amo.proyecto,
							amo.item,
							amo.descripcion as nombre,
							ai.orden as 		orden,
							ai.imagen,
							ai.imagen_recurso_origen,
							amo.padre = '1' as es_primer_nivel
				   FROM 
							apex_usuario_grupo_acc auga
						JOIN apex_menu_operaciones amo ON (auga.menu_usuario = amo.menu_id AND auga.proyecto = amo.proyecto)
						JOIN apex_usuario_grupo_acc_item augai ON (auga.proyecto = augai.proyecto AND auga.usuario_grupo_acc = augai.usuario_grupo_acc AND augai.item = amo.item)
						JOIN apex_item ai ON (augai.item = ai.item AND augai.proyecto = ai.proyecto)	
				  WHERE (ai.menu = 1)
					AND ai.item != ai.padre
					AND	(auga.usuario_grupo_acc IN ('admin') OR ai.publico = 1)
					AND	(amo.proyecto = 'comunidades')
					AND auga.menu_usuario IS NOT NULL
			UNION
				SELECT 	ai.padre,
						ai.carpeta,
						ai.proyecto,
						ai.item,
						ai.nombre as nombre,
						ai.orden as 		orden,
						ai.imagen,
						ai.imagen_recurso_origen,
						ai.padre = '1' as es_primer_nivel
				FROM 
						apex_usuario_grupo_acc auga
					JOIN apex_usuario_grupo_acc_item augai ON (auga.proyecto = augai.proyecto AND auga.usuario_grupo_acc = augai.usuario_grupo_acc)
					JOIN apex_item ai ON (augai.item = ai.item AND augai.proyecto = ai.proyecto)	
				WHERE auga.menu_usuario is null
					AND (ai.menu = 1)
					AND ai.item != ai.padre
					AND	(auga.usuario_grupo_acc IN ('admin') OR ai.publico = 1)
					AND	(ai.proyecto = 'comunidades')
			) ORDER BY 1, 6
[DEBUG][toba] [SECCION] Iniciando componentes...
[INFO][comunidades] PUNTO MONTAJE: se cargó la clase tipos_documento/ci_tipos_documento.php del punto de montaje proyecto. El path del mismo es C:\ServidorWeb\comunidades\src/php
[DEBUG][toba] componente(2469): Pantalla de eventos: 'pant_seleccion'
[DEBUG][toba] [SECCION] Procesando eventos...
[DEBUG][toba] componente(2469): [ inicializar_dependencias ]
array (
  0 => 'cuadro',
)
[DEBUG][toba] componente(2469): [ evento ] 'agregar' -> [ evt__agregar ]
[INFO][toba] componente(2469): [ callback ] 'evt__pant_seleccion__salida' no fue atrapado
[INFO][toba] componente(2469): [ callback ] 'evt__pant_edicion__entrada' no fue atrapado
[DEBUG][toba] [SECCION] Configurando dependencias para responder al servicio...
[DEBUG][toba] componente(2469): Pantalla de servicio: 'pant_edicion'
[INFO][toba] componente(2469): [ callback ] 'conf__pant_edicion' no fue atrapado
[DEBUG][toba] componente(2468):  IMPLICITO: modificacion
[DEBUG][toba] componente(2469): [ callback ] 'conf__formulario'
[INFO][comunidades] PUNTO MONTAJE: se cargó la clase datos/dt_tiposdocumento.php del punto de montaje proyecto. El path del mismo es C:\ServidorWeb\comunidades\src/php
[DEBUG][toba] Se elimino el evento: eliminar
[DEBUG][toba] [SECCION] Respondiendo al servicio__generar_html...
[INFO][comunidades] PUNTO MONTAJE: se cargó la clase datos/dt_comunidades.php del punto de montaje proyecto. El path del mismo es C:\ServidorWeb\comunidades\src/php
[DEBUG][comunidades] Inicializando perfil de datos para el proyecto comunidades
[DEBUG][comunidades] SQL con perfil de datos: SELECT id_comunidad, comunidad FROM comunidades ORDER BY comunidad

-o-o-o-o-o-
Fecha: 09-12-2015 12:24:23
Operacion: Tipos Documento
Usuario: toba
Version-PHP: 5.4.45
Servidor: localhost
URI: /comunidades/1.0/aplicacion.php?tm=1&tcm=previsualizacion&ai=comunidades||3498
Referrer: http://localhost:8080/comunidades/1.0/aplicacion.php?ah=st5668479d6aa563.43902588&ai=comunidades||3498&tcm=previsualizacion
Host: 10.0.2.2
==========
[INFO][toba] Se detecto acceso desde el menu. Se limpia la memoria de la operacion
[DEBUG][comunidades] INSTALACION "C:/ServidorWeb/comunidades/instalacion"
[DEBUG][comunidades] Parametros instancia desarrollo: array (
  'base' => 'toba_2_7',
  'proyectos' => 'toba_editor, toba_referencia, toba_usuarios, comunidades',
  'tipo' => 'normal',
  'toba_editor' => 
  array (
    'path' => 'C:\\ServidorWeb\\comunidades\\vendor\\siu-toba\\framework/proyectos/toba_editor',
    'url' => '/toba_editor/2.7',
  ),
  'toba_referencia' => 
  array (
    'path' => 'C:\\ServidorWeb\\comunidades\\vendor\\siu-toba\\framework/proyectos/toba_referencia',
    'url' => '/toba_referencia/2.7',
  ),
  'toba_usuarios' => 
  array (
    'path' => 'C:\\ServidorWeb\\comunidades\\vendor\\siu-toba\\framework/proyectos/toba_usuarios',
    'url' => '/toba_usuarios/2.7',
  ),
  'comunidades' => 
  array (
    'path' => 'C:\\ServidorWeb\\comunidades\\src',
    'url' => '/comunidades/1.0',
  ),
)
[DEBUG][comunidades] INSTANCIA "desarrollo"
[DEBUG][comunidades] Conectando a base 'toba_2_7'
[DEBUG][comunidades] Parametros de conexion: array (
  'motor' => 'postgres7',
  'profile' => 'localhost',
  'usuario' => 'postgres',
  'clave' => 'pgsadmin',
  'base' => 'toba_2_7',
  'puerto' => '5432',
  'encoding' => 'LATIN1',
  'schema' => 'desarrollo',
)
[DEBUG][comunidades] PROYECTO "comunidades"
[DEBUG][comunidades] PUNTO DE MONTAJE: se cargó exitosamente el autoload del punto de montaje proyecto
[DEBUG][comunidades] PROYECTO "comunidades"
[DEBUG][comunidades] (
				SELECT 	amo.padre,
							amo.carpeta,
							amo.proyecto,
							amo.item,
							amo.descripcion as nombre,
							ai.orden as 		orden,
							ai.imagen,
							ai.imagen_recurso_origen,
							amo.padre = '1' as es_primer_nivel
				   FROM 
							apex_usuario_grupo_acc auga
						JOIN apex_menu_operaciones amo ON (auga.menu_usuario = amo.menu_id AND auga.proyecto = amo.proyecto)
						JOIN apex_usuario_grupo_acc_item augai ON (auga.proyecto = augai.proyecto AND auga.usuario_grupo_acc = augai.usuario_grupo_acc AND augai.item = amo.item)
						JOIN apex_item ai ON (augai.item = ai.item AND augai.proyecto = ai.proyecto)	
				  WHERE (ai.menu = 1)
					AND ai.item != ai.padre
					AND	(auga.usuario_grupo_acc IN ('admin') OR ai.publico = 1)
					AND	(amo.proyecto = 'comunidades')
					AND auga.menu_usuario IS NOT NULL
			UNION
				SELECT 	ai.padre,
						ai.carpeta,
						ai.proyecto,
						ai.item,
						ai.nombre as nombre,
						ai.orden as 		orden,
						ai.imagen,
						ai.imagen_recurso_origen,
						ai.padre = '1' as es_primer_nivel
				FROM 
						apex_usuario_grupo_acc auga
					JOIN apex_usuario_grupo_acc_item augai ON (auga.proyecto = augai.proyecto AND auga.usuario_grupo_acc = augai.usuario_grupo_acc)
					JOIN apex_item ai ON (augai.item = ai.item AND augai.proyecto = ai.proyecto)	
				WHERE auga.menu_usuario is null
					AND (ai.menu = 1)
					AND ai.item != ai.padre
					AND	(auga.usuario_grupo_acc IN ('admin') OR ai.publico = 1)
					AND	(ai.proyecto = 'comunidades')
			) ORDER BY 1, 6
[DEBUG][toba] [SECCION] Iniciando componentes...
[INFO][comunidades] PUNTO MONTAJE: se cargó la clase tipos_documento/ci_tipos_documento.php del punto de montaje proyecto. El path del mismo es C:\ServidorWeb\comunidades\src/php
[DEBUG][toba] componente(2469): [callback][ ini__operacion ]
[DEBUG][toba] [SECCION] Procesando eventos...
[INFO][toba] componente(2469): No hay seńales de un servicio anterior, no se atrapan eventos
[DEBUG][toba] [SECCION] Configurando dependencias para responder al servicio...
[DEBUG][toba] componente(2469): Pantalla de servicio: 'pant_seleccion'
[INFO][toba] componente(2469): [ callback ] 'conf__pant_seleccion' no fue atrapado
[DEBUG][toba] componente(2469): [ callback ] 'conf__cuadro'
[INFO][comunidades] PUNTO MONTAJE: se cargó la clase datos/dt_tiposdocumento.php del punto de montaje proyecto. El path del mismo es C:\ServidorWeb\comunidades\src/php
[DEBUG][comunidades] Inicializando perfil de datos para el proyecto comunidades
[DEBUG][comunidades] SQL con perfil de datos: SELECT
			t_t.id_tipodocumento,
			t_c.comunidad as id_comunidad_nombre,
			t_t.tipodocumento
		FROM
			tiposdocumento as t_t,
			comunidades as t_c
		WHERE
				t_t.id_comunidad = t_c.id_comunidad
		ORDER BY tipodocumento
[DEBUG][toba] [SECCION] Respondiendo al servicio__generar_html...

-o-o-o-o-o-
Fecha: 09-12-2015 12:24:26
Operacion: Tipos Parentesco
Usuario: toba
Version-PHP: 5.4.45
Servidor: localhost
URI: /comunidades/1.0/aplicacion.php?tm=1&tcm=previsualizacion&ai=comunidades||3499
Referrer: http://localhost:8080/comunidades/1.0/aplicacion.php?tm=1&tcm=previsualizacion&ai=comunidades||3498
Host: 10.0.2.2
==========
[INFO][toba] Se detecto acceso desde el menu. Se limpia la memoria de la operacion
[DEBUG][comunidades] INSTALACION "C:/ServidorWeb/comunidades/instalacion"
[DEBUG][comunidades] Parametros instancia desarrollo: array (
  'base' => 'toba_2_7',
  'proyectos' => 'toba_editor, toba_referencia, toba_usuarios, comunidades',
  'tipo' => 'normal',
  'toba_editor' => 
  array (
    'path' => 'C:\\ServidorWeb\\comunidades\\vendor\\siu-toba\\framework/proyectos/toba_editor',
    'url' => '/toba_editor/2.7',
  ),
  'toba_referencia' => 
  array (
    'path' => 'C:\\ServidorWeb\\comunidades\\vendor\\siu-toba\\framework/proyectos/toba_referencia',
    'url' => '/toba_referencia/2.7',
  ),
  'toba_usuarios' => 
  array (
    'path' => 'C:\\ServidorWeb\\comunidades\\vendor\\siu-toba\\framework/proyectos/toba_usuarios',
    'url' => '/toba_usuarios/2.7',
  ),
  'comunidades' => 
  array (
    'path' => 'C:\\ServidorWeb\\comunidades\\src',
    'url' => '/comunidades/1.0',
  ),
)
[DEBUG][comunidades] INSTANCIA "desarrollo"
[DEBUG][comunidades] Conectando a base 'toba_2_7'
[DEBUG][comunidades] Parametros de conexion: array (
  'motor' => 'postgres7',
  'profile' => 'localhost',
  'usuario' => 'postgres',
  'clave' => 'pgsadmin',
  'base' => 'toba_2_7',
  'puerto' => '5432',
  'encoding' => 'LATIN1',
  'schema' => 'desarrollo',
)
[DEBUG][comunidades] PROYECTO "comunidades"
[DEBUG][comunidades] PUNTO DE MONTAJE: se cargó exitosamente el autoload del punto de montaje proyecto
[DEBUG][comunidades] PROYECTO "comunidades"
[DEBUG][comunidades] (
				SELECT 	amo.padre,
							amo.carpeta,
							amo.proyecto,
							amo.item,
							amo.descripcion as nombre,
							ai.orden as 		orden,
							ai.imagen,
							ai.imagen_recurso_origen,
							amo.padre = '1' as es_primer_nivel
				   FROM 
							apex_usuario_grupo_acc auga
						JOIN apex_menu_operaciones amo ON (auga.menu_usuario = amo.menu_id AND auga.proyecto = amo.proyecto)
						JOIN apex_usuario_grupo_acc_item augai ON (auga.proyecto = augai.proyecto AND auga.usuario_grupo_acc = augai.usuario_grupo_acc AND augai.item = amo.item)
						JOIN apex_item ai ON (augai.item = ai.item AND augai.proyecto = ai.proyecto)	
				  WHERE (ai.menu = 1)
					AND ai.item != ai.padre
					AND	(auga.usuario_grupo_acc IN ('admin') OR ai.publico = 1)
					AND	(amo.proyecto = 'comunidades')
					AND auga.menu_usuario IS NOT NULL
			UNION
				SELECT 	ai.padre,
						ai.carpeta,
						ai.proyecto,
						ai.item,
						ai.nombre as nombre,
						ai.orden as 		orden,
						ai.imagen,
						ai.imagen_recurso_origen,
						ai.padre = '1' as es_primer_nivel
				FROM 
						apex_usuario_grupo_acc auga
					JOIN apex_usuario_grupo_acc_item augai ON (auga.proyecto = augai.proyecto AND auga.usuario_grupo_acc = augai.usuario_grupo_acc)
					JOIN apex_item ai ON (augai.item = ai.item AND augai.proyecto = ai.proyecto)	
				WHERE auga.menu_usuario is null
					AND (ai.menu = 1)
					AND ai.item != ai.padre
					AND	(auga.usuario_grupo_acc IN ('admin') OR ai.publico = 1)
					AND	(ai.proyecto = 'comunidades')
			) ORDER BY 1, 6
[DEBUG][toba] [SECCION] Iniciando componentes...
[INFO][comunidades] PUNTO MONTAJE: se cargó la clase tipos_parentesco/ci_tipos_parentesco.php del punto de montaje proyecto. El path del mismo es C:\ServidorWeb\comunidades\src/php
[DEBUG][toba] componente(2479): [callback][ ini__operacion ]
[DEBUG][toba] [SECCION] Procesando eventos...
[INFO][toba] componente(2479): No hay seńales de un servicio anterior, no se atrapan eventos
[DEBUG][toba] [SECCION] Configurando dependencias para responder al servicio...
[DEBUG][toba] componente(2479): Pantalla de servicio: 'pant_seleccion'
[INFO][toba] componente(2479): [ callback ] 'conf__pant_seleccion' no fue atrapado
[DEBUG][toba] componente(2479): [ callback ] 'conf__cuadro'
[INFO][comunidades] PUNTO MONTAJE: se cargó la clase datos/dt_tiposparentesco.php del punto de montaje proyecto. El path del mismo es C:\ServidorWeb\comunidades\src/php
[DEBUG][comunidades] Inicializando perfil de datos para el proyecto comunidades
[DEBUG][comunidades] SQL con perfil de datos: SELECT
			t_t.id_parentesco,
			t_c.comunidad as id_comunidad_nombre,
			t_t.parentesco
		FROM
			tiposparentesco as t_t,
			comunidades as t_c
		WHERE
				t_t.id_comunidad = t_c.id_comunidad
		ORDER BY parentesco
[DEBUG][toba] [SECCION] Respondiendo al servicio__generar_html...

-o-o-o-o-o-
Fecha: 09-12-2015 12:24:29
Operacion: Sacramentos
Usuario: toba
Version-PHP: 5.4.45
Servidor: localhost
URI: /comunidades/1.0/aplicacion.php?tm=1&tcm=previsualizacion&ai=comunidades||3494
Referrer: http://localhost:8080/comunidades/1.0/aplicacion.php?tm=1&tcm=previsualizacion&ai=comunidades||3499
Host: 10.0.2.2
==========
[INFO][toba] Se detecto acceso desde el menu. Se limpia la memoria de la operacion
[DEBUG][comunidades] INSTALACION "C:/ServidorWeb/comunidades/instalacion"
[DEBUG][comunidades] Parametros instancia desarrollo: array (
  'base' => 'toba_2_7',
  'proyectos' => 'toba_editor, toba_referencia, toba_usuarios, comunidades',
  'tipo' => 'normal',
  'toba_editor' => 
  array (
    'path' => 'C:\\ServidorWeb\\comunidades\\vendor\\siu-toba\\framework/proyectos/toba_editor',
    'url' => '/toba_editor/2.7',
  ),
  'toba_referencia' => 
  array (
    'path' => 'C:\\ServidorWeb\\comunidades\\vendor\\siu-toba\\framework/proyectos/toba_referencia',
    'url' => '/toba_referencia/2.7',
  ),
  'toba_usuarios' => 
  array (
    'path' => 'C:\\ServidorWeb\\comunidades\\vendor\\siu-toba\\framework/proyectos/toba_usuarios',
    'url' => '/toba_usuarios/2.7',
  ),
  'comunidades' => 
  array (
    'path' => 'C:\\ServidorWeb\\comunidades\\src',
    'url' => '/comunidades/1.0',
  ),
)
[DEBUG][comunidades] INSTANCIA "desarrollo"
[DEBUG][comunidades] Conectando a base 'toba_2_7'
[DEBUG][comunidades] Parametros de conexion: array (
  'motor' => 'postgres7',
  'profile' => 'localhost',
  'usuario' => 'postgres',
  'clave' => 'pgsadmin',
  'base' => 'toba_2_7',
  'puerto' => '5432',
  'encoding' => 'LATIN1',
  'schema' => 'desarrollo',
)
[DEBUG][comunidades] PROYECTO "comunidades"
[DEBUG][comunidades] PUNTO DE MONTAJE: se cargó exitosamente el autoload del punto de montaje proyecto
[DEBUG][comunidades] PROYECTO "comunidades"
[DEBUG][comunidades] (
				SELECT 	amo.padre,
							amo.carpeta,
							amo.proyecto,
							amo.item,
							amo.descripcion as nombre,
							ai.orden as 		orden,
							ai.imagen,
							ai.imagen_recurso_origen,
							amo.padre = '1' as es_primer_nivel
				   FROM 
							apex_usuario_grupo_acc auga
						JOIN apex_menu_operaciones amo ON (auga.menu_usuario = amo.menu_id AND auga.proyecto = amo.proyecto)
						JOIN apex_usuario_grupo_acc_item augai ON (auga.proyecto = augai.proyecto AND auga.usuario_grupo_acc = augai.usuario_grupo_acc AND augai.item = amo.item)
						JOIN apex_item ai ON (augai.item = ai.item AND augai.proyecto = ai.proyecto)	
				  WHERE (ai.menu = 1)
					AND ai.item != ai.padre
					AND	(auga.usuario_grupo_acc IN ('admin') OR ai.publico = 1)
					AND	(amo.proyecto = 'comunidades')
					AND auga.menu_usuario IS NOT NULL
			UNION
				SELECT 	ai.padre,
						ai.carpeta,
						ai.proyecto,
						ai.item,
						ai.nombre as nombre,
						ai.orden as 		orden,
						ai.imagen,
						ai.imagen_recurso_origen,
						ai.padre = '1' as es_primer_nivel
				FROM 
						apex_usuario_grupo_acc auga
					JOIN apex_usuario_grupo_acc_item augai ON (auga.proyecto = augai.proyecto AND auga.usuario_grupo_acc = augai.usuario_grupo_acc)
					JOIN apex_item ai ON (augai.item = ai.item AND augai.proyecto = ai.proyecto)	
				WHERE auga.menu_usuario is null
					AND (ai.menu = 1)
					AND ai.item != ai.padre
					AND	(auga.usuario_grupo_acc IN ('admin') OR ai.publico = 1)
					AND	(ai.proyecto = 'comunidades')
			) ORDER BY 1, 6
[DEBUG][toba] [SECCION] Iniciando componentes...
[INFO][comunidades] PUNTO MONTAJE: se cargó la clase sacramentos/ci_sacramentos.php del punto de montaje proyecto. El path del mismo es C:\ServidorWeb\comunidades\src/php
[DEBUG][toba] componente(2450): [callback][ ini__operacion ]
[DEBUG][toba] [SECCION] Procesando eventos...
[INFO][toba] componente(2450): No hay seńales de un servicio anterior, no se atrapan eventos
[DEBUG][toba] [SECCION] Configurando dependencias para responder al servicio...
[DEBUG][toba] componente(2450): Pantalla de servicio: 'pant_seleccion'
[INFO][toba] componente(2450): [ callback ] 'conf__pant_seleccion' no fue atrapado
[DEBUG][toba] componente(2450): [ callback ] 'conf__cuadro'
[INFO][comunidades] PUNTO MONTAJE: se cargó la clase datos/dt_sacramentos.php del punto de montaje proyecto. El path del mismo es C:\ServidorWeb\comunidades\src/php
[DEBUG][comunidades] Inicializando perfil de datos para el proyecto comunidades
[DEBUG][comunidades] SQL con perfil de datos: SELECT
			t_s.id_sacramento,
			t_s.sacramento,
			t_c.comunidad as id_comunidad_nombre
		FROM
			sacramentos as t_s,
			comunidades as t_c
		WHERE
				t_s.id_comunidad = t_c.id_comunidad
		ORDER BY sacramento
[DEBUG][toba] [SECCION] Respondiendo al servicio__generar_html...

-o-o-o-o-o-
Fecha: 09-12-2015 12:24:36
Operacion: Templos
Usuario: toba
Version-PHP: 5.4.45
Servidor: localhost
URI: /comunidades/1.0/aplicacion.php?tm=1&tcm=previsualizacion&ai=comunidades||3496
Referrer: http://localhost:8080/comunidades/1.0/aplicacion.php?tm=1&tcm=previsualizacion&ai=comunidades||3494
Host: 10.0.2.2
==========
[INFO][toba] Se detecto acceso desde el menu. Se limpia la memoria de la operacion
[DEBUG][comunidades] INSTALACION "C:/ServidorWeb/comunidades/instalacion"
[DEBUG][comunidades] Parametros instancia desarrollo: array (
  'base' => 'toba_2_7',
  'proyectos' => 'toba_editor, toba_referencia, toba_usuarios, comunidades',
  'tipo' => 'normal',
  'toba_editor' => 
  array (
    'path' => 'C:\\ServidorWeb\\comunidades\\vendor\\siu-toba\\framework/proyectos/toba_editor',
    'url' => '/toba_editor/2.7',
  ),
  'toba_referencia' => 
  array (
    'path' => 'C:\\ServidorWeb\\comunidades\\vendor\\siu-toba\\framework/proyectos/toba_referencia',
    'url' => '/toba_referencia/2.7',
  ),
  'toba_usuarios' => 
  array (
    'path' => 'C:\\ServidorWeb\\comunidades\\vendor\\siu-toba\\framework/proyectos/toba_usuarios',
    'url' => '/toba_usuarios/2.7',
  ),
  'comunidades' => 
  array (
    'path' => 'C:\\ServidorWeb\\comunidades\\src',
    'url' => '/comunidades/1.0',
  ),
)
[DEBUG][comunidades] INSTANCIA "desarrollo"
[DEBUG][comunidades] Conectando a base 'toba_2_7'
[DEBUG][comunidades] Parametros de conexion: array (
  'motor' => 'postgres7',
  'profile' => 'localhost',
  'usuario' => 'postgres',
  'clave' => 'pgsadmin',
  'base' => 'toba_2_7',
  'puerto' => '5432',
  'encoding' => 'LATIN1',
  'schema' => 'desarrollo',
)
[DEBUG][comunidades] PROYECTO "comunidades"
[DEBUG][comunidades] PUNTO DE MONTAJE: se cargó exitosamente el autoload del punto de montaje proyecto
[DEBUG][comunidades] PROYECTO "comunidades"
[DEBUG][comunidades] (
				SELECT 	amo.padre,
							amo.carpeta,
							amo.proyecto,
							amo.item,
							amo.descripcion as nombre,
							ai.orden as 		orden,
							ai.imagen,
							ai.imagen_recurso_origen,
							amo.padre = '1' as es_primer_nivel
				   FROM 
							apex_usuario_grupo_acc auga
						JOIN apex_menu_operaciones amo ON (auga.menu_usuario = amo.menu_id AND auga.proyecto = amo.proyecto)
						JOIN apex_usuario_grupo_acc_item augai ON (auga.proyecto = augai.proyecto AND auga.usuario_grupo_acc = augai.usuario_grupo_acc AND augai.item = amo.item)
						JOIN apex_item ai ON (augai.item = ai.item AND augai.proyecto = ai.proyecto)	
				  WHERE (ai.menu = 1)
					AND ai.item != ai.padre
					AND	(auga.usuario_grupo_acc IN ('admin') OR ai.publico = 1)
					AND	(amo.proyecto = 'comunidades')
					AND auga.menu_usuario IS NOT NULL
			UNION
				SELECT 	ai.padre,
						ai.carpeta,
						ai.proyecto,
						ai.item,
						ai.nombre as nombre,
						ai.orden as 		orden,
						ai.imagen,
						ai.imagen_recurso_origen,
						ai.padre = '1' as es_primer_nivel
				FROM 
						apex_usuario_grupo_acc auga
					JOIN apex_usuario_grupo_acc_item augai ON (auga.proyecto = augai.proyecto AND auga.usuario_grupo_acc = augai.usuario_grupo_acc)
					JOIN apex_item ai ON (augai.item = ai.item AND augai.proyecto = ai.proyecto)	
				WHERE auga.menu_usuario is null
					AND (ai.menu = 1)
					AND ai.item != ai.padre
					AND	(auga.usuario_grupo_acc IN ('admin') OR ai.publico = 1)
					AND	(ai.proyecto = 'comunidades')
			) ORDER BY 1, 6
[DEBUG][toba] [SECCION] Iniciando componentes...
[INFO][comunidades] PUNTO MONTAJE: se cargó la clase templos/ci_templos.php del punto de montaje proyecto. El path del mismo es C:\ServidorWeb\comunidades\src/php
[DEBUG][toba] componente(2459): [callback][ ini__operacion ]
[DEBUG][toba] [SECCION] Procesando eventos...
[INFO][toba] componente(2459): No hay seńales de un servicio anterior, no se atrapan eventos
[DEBUG][toba] [SECCION] Configurando dependencias para responder al servicio...
[DEBUG][toba] componente(2459): Pantalla de servicio: 'pant_seleccion'
[INFO][toba] componente(2459): [ callback ] 'conf__pant_seleccion' no fue atrapado
[DEBUG][toba] componente(2459): [ callback ] 'conf__cuadro'
[INFO][comunidades] PUNTO MONTAJE: se cargó la clase datos/dt_templos.php del punto de montaje proyecto. El path del mismo es C:\ServidorWeb\comunidades\src/php
[DEBUG][comunidades] Inicializando perfil de datos para el proyecto comunidades
[DEBUG][comunidades] SQL con perfil de datos: SELECT
			t_t.id_templo,
			t_c.comunidad as id_comunidad_nombre,
			t_t.templo,
			t_t.direccion
		FROM
			templos as t_t,
			comunidades as t_c
		WHERE
				t_t.id_comunidad = t_c.id_comunidad
		ORDER BY templo
[DEBUG][toba] [SECCION] Respondiendo al servicio__generar_html...

-o-o-o-o-o-
Fecha: 09-12-2015 12:24:40
Operacion: Comunidades
Usuario: toba
Version-PHP: 5.4.45
Servidor: localhost
URI: /comunidades/1.0/aplicacion.php?tm=1&tcm=previsualizacion&ai=comunidades||3495
Referrer: http://localhost:8080/comunidades/1.0/aplicacion.php?tm=1&tcm=previsualizacion&ai=comunidades||3496
Host: 10.0.2.2
==========
[INFO][toba] Se detecto acceso desde el menu. Se limpia la memoria de la operacion
[DEBUG][comunidades] INSTALACION "C:/ServidorWeb/comunidades/instalacion"
[DEBUG][comunidades] Parametros instancia desarrollo: array (
  'base' => 'toba_2_7',
  'proyectos' => 'toba_editor, toba_referencia, toba_usuarios, comunidades',
  'tipo' => 'normal',
  'toba_editor' => 
  array (
    'path' => 'C:\\ServidorWeb\\comunidades\\vendor\\siu-toba\\framework/proyectos/toba_editor',
    'url' => '/toba_editor/2.7',
  ),
  'toba_referencia' => 
  array (
    'path' => 'C:\\ServidorWeb\\comunidades\\vendor\\siu-toba\\framework/proyectos/toba_referencia',
    'url' => '/toba_referencia/2.7',
  ),
  'toba_usuarios' => 
  array (
    'path' => 'C:\\ServidorWeb\\comunidades\\vendor\\siu-toba\\framework/proyectos/toba_usuarios',
    'url' => '/toba_usuarios/2.7',
  ),
  'comunidades' => 
  array (
    'path' => 'C:\\ServidorWeb\\comunidades\\src',
    'url' => '/comunidades/1.0',
  ),
)
[DEBUG][comunidades] INSTANCIA "desarrollo"
[DEBUG][comunidades] Conectando a base 'toba_2_7'
[DEBUG][comunidades] Parametros de conexion: array (
  'motor' => 'postgres7',
  'profile' => 'localhost',
  'usuario' => 'postgres',
  'clave' => 'pgsadmin',
  'base' => 'toba_2_7',
  'puerto' => '5432',
  'encoding' => 'LATIN1',
  'schema' => 'desarrollo',
)
[DEBUG][comunidades] PROYECTO "comunidades"
[DEBUG][comunidades] PUNTO DE MONTAJE: se cargó exitosamente el autoload del punto de montaje proyecto
[DEBUG][comunidades] PROYECTO "comunidades"
[DEBUG][comunidades] (
				SELECT 	amo.padre,
							amo.carpeta,
							amo.proyecto,
							amo.item,
							amo.descripcion as nombre,
							ai.orden as 		orden,
							ai.imagen,
							ai.imagen_recurso_origen,
							amo.padre = '1' as es_primer_nivel
				   FROM 
							apex_usuario_grupo_acc auga
						JOIN apex_menu_operaciones amo ON (auga.menu_usuario = amo.menu_id AND auga.proyecto = amo.proyecto)
						JOIN apex_usuario_grupo_acc_item augai ON (auga.proyecto = augai.proyecto AND auga.usuario_grupo_acc = augai.usuario_grupo_acc AND augai.item = amo.item)
						JOIN apex_item ai ON (augai.item = ai.item AND augai.proyecto = ai.proyecto)	
				  WHERE (ai.menu = 1)
					AND ai.item != ai.padre
					AND	(auga.usuario_grupo_acc IN ('admin') OR ai.publico = 1)
					AND	(amo.proyecto = 'comunidades')
					AND auga.menu_usuario IS NOT NULL
			UNION
				SELECT 	ai.padre,
						ai.carpeta,
						ai.proyecto,
						ai.item,
						ai.nombre as nombre,
						ai.orden as 		orden,
						ai.imagen,
						ai.imagen_recurso_origen,
						ai.padre = '1' as es_primer_nivel
				FROM 
						apex_usuario_grupo_acc auga
					JOIN apex_usuario_grupo_acc_item augai ON (auga.proyecto = augai.proyecto AND auga.usuario_grupo_acc = augai.usuario_grupo_acc)
					JOIN apex_item ai ON (augai.item = ai.item AND augai.proyecto = ai.proyecto)	
				WHERE auga.menu_usuario is null
					AND (ai.menu = 1)
					AND ai.item != ai.padre
					AND	(auga.usuario_grupo_acc IN ('admin') OR ai.publico = 1)
					AND	(ai.proyecto = 'comunidades')
			) ORDER BY 1, 6
[DEBUG][toba] [SECCION] Iniciando componentes...
[INFO][comunidades] PUNTO MONTAJE: se cargó la clase comunidades/ci_comunidades.php del punto de montaje proyecto. El path del mismo es C:\ServidorWeb\comunidades\src/php
[DEBUG][toba] componente(2454): [callback][ ini__operacion ]
[DEBUG][toba] [SECCION] Procesando eventos...
[INFO][toba] componente(2454): No hay seńales de un servicio anterior, no se atrapan eventos
[DEBUG][toba] [SECCION] Configurando dependencias para responder al servicio...
[DEBUG][toba] componente(2454): Pantalla de servicio: 'pant_seleccion'
[INFO][toba] componente(2454): [ callback ] 'conf__pant_seleccion' no fue atrapado
[DEBUG][toba] componente(2454): [ callback ] 'conf__cuadro'
[INFO][comunidades] PUNTO MONTAJE: se cargó la clase datos/dt_comunidades.php del punto de montaje proyecto. El path del mismo es C:\ServidorWeb\comunidades\src/php
[DEBUG][comunidades] Inicializando perfil de datos para el proyecto comunidades
[DEBUG][comunidades] SQL con perfil de datos: SELECT
			t_c.id_comunidad,
			t_c.comunidad,
			t_c.direccion,
			t_c.telefono
		FROM
			comunidades as t_c
		ORDER BY comunidad
[DEBUG][toba] [SECCION] Respondiendo al servicio__generar_html...

-o-o-o-o-o-
Fecha: 09-12-2015 12:24:43
Operacion: Sacramentos
Usuario: toba
Version-PHP: 5.4.45
Servidor: localhost
URI: /comunidades/1.0/aplicacion.php?tm=1&tcm=previsualizacion&ai=comunidades||3494
Referrer: http://localhost:8080/comunidades/1.0/aplicacion.php?tm=1&tcm=previsualizacion&ai=comunidades||3495
Host: 10.0.2.2
==========
[INFO][toba] Se detecto acceso desde el menu. Se limpia la memoria de la operacion
[DEBUG][comunidades] INSTALACION "C:/ServidorWeb/comunidades/instalacion"
[DEBUG][comunidades] Parametros instancia desarrollo: array (
  'base' => 'toba_2_7',
  'proyectos' => 'toba_editor, toba_referencia, toba_usuarios, comunidades',
  'tipo' => 'normal',
  'toba_editor' => 
  array (
    'path' => 'C:\\ServidorWeb\\comunidades\\vendor\\siu-toba\\framework/proyectos/toba_editor',
    'url' => '/toba_editor/2.7',
  ),
  'toba_referencia' => 
  array (
    'path' => 'C:\\ServidorWeb\\comunidades\\vendor\\siu-toba\\framework/proyectos/toba_referencia',
    'url' => '/toba_referencia/2.7',
  ),
  'toba_usuarios' => 
  array (
    'path' => 'C:\\ServidorWeb\\comunidades\\vendor\\siu-toba\\framework/proyectos/toba_usuarios',
    'url' => '/toba_usuarios/2.7',
  ),
  'comunidades' => 
  array (
    'path' => 'C:\\ServidorWeb\\comunidades\\src',
    'url' => '/comunidades/1.0',
  ),
)
[DEBUG][comunidades] INSTANCIA "desarrollo"
[DEBUG][comunidades] Conectando a base 'toba_2_7'
[DEBUG][comunidades] Parametros de conexion: array (
  'motor' => 'postgres7',
  'profile' => 'localhost',
  'usuario' => 'postgres',
  'clave' => 'pgsadmin',
  'base' => 'toba_2_7',
  'puerto' => '5432',
  'encoding' => 'LATIN1',
  'schema' => 'desarrollo',
)
[DEBUG][comunidades] PROYECTO "comunidades"
[DEBUG][comunidades] PUNTO DE MONTAJE: se cargó exitosamente el autoload del punto de montaje proyecto
[DEBUG][comunidades] PROYECTO "comunidades"
[DEBUG][comunidades] (
				SELECT 	amo.padre,
							amo.carpeta,
							amo.proyecto,
							amo.item,
							amo.descripcion as nombre,
							ai.orden as 		orden,
							ai.imagen,
							ai.imagen_recurso_origen,
							amo.padre = '1' as es_primer_nivel
				   FROM 
							apex_usuario_grupo_acc auga
						JOIN apex_menu_operaciones amo ON (auga.menu_usuario = amo.menu_id AND auga.proyecto = amo.proyecto)
						JOIN apex_usuario_grupo_acc_item augai ON (auga.proyecto = augai.proyecto AND auga.usuario_grupo_acc = augai.usuario_grupo_acc AND augai.item = amo.item)
						JOIN apex_item ai ON (augai.item = ai.item AND augai.proyecto = ai.proyecto)	
				  WHERE (ai.menu = 1)
					AND ai.item != ai.padre
					AND	(auga.usuario_grupo_acc IN ('admin') OR ai.publico = 1)
					AND	(amo.proyecto = 'comunidades')
					AND auga.menu_usuario IS NOT NULL
			UNION
				SELECT 	ai.padre,
						ai.carpeta,
						ai.proyecto,
						ai.item,
						ai.nombre as nombre,
						ai.orden as 		orden,
						ai.imagen,
						ai.imagen_recurso_origen,
						ai.padre = '1' as es_primer_nivel
				FROM 
						apex_usuario_grupo_acc auga
					JOIN apex_usuario_grupo_acc_item augai ON (auga.proyecto = augai.proyecto AND auga.usuario_grupo_acc = augai.usuario_grupo_acc)
					JOIN apex_item ai ON (augai.item = ai.item AND augai.proyecto = ai.proyecto)	
				WHERE auga.menu_usuario is null
					AND (ai.menu = 1)
					AND ai.item != ai.padre
					AND	(auga.usuario_grupo_acc IN ('admin') OR ai.publico = 1)
					AND	(ai.proyecto = 'comunidades')
			) ORDER BY 1, 6
[DEBUG][toba] [SECCION] Iniciando componentes...
[INFO][comunidades] PUNTO MONTAJE: se cargó la clase sacramentos/ci_sacramentos.php del punto de montaje proyecto. El path del mismo es C:\ServidorWeb\comunidades\src/php
[DEBUG][toba] componente(2450): [callback][ ini__operacion ]
[DEBUG][toba] [SECCION] Procesando eventos...
[INFO][toba] componente(2450): No hay seńales de un servicio anterior, no se atrapan eventos
[DEBUG][toba] [SECCION] Configurando dependencias para responder al servicio...
[DEBUG][toba] componente(2450): Pantalla de servicio: 'pant_seleccion'
[INFO][toba] componente(2450): [ callback ] 'conf__pant_seleccion' no fue atrapado
[DEBUG][toba] componente(2450): [ callback ] 'conf__cuadro'
[INFO][comunidades] PUNTO MONTAJE: se cargó la clase datos/dt_sacramentos.php del punto de montaje proyecto. El path del mismo es C:\ServidorWeb\comunidades\src/php
[DEBUG][comunidades] Inicializando perfil de datos para el proyecto comunidades
[DEBUG][comunidades] SQL con perfil de datos: SELECT
			t_s.id_sacramento,
			t_s.sacramento,
			t_c.comunidad as id_comunidad_nombre
		FROM
			sacramentos as t_s,
			comunidades as t_c
		WHERE
				t_s.id_comunidad = t_c.id_comunidad
		ORDER BY sacramento
[DEBUG][toba] [SECCION] Respondiendo al servicio__generar_html...

-o-o-o-o-o-
Fecha: 09-12-2015 12:24:47
Operacion: Templos
Usuario: toba
Version-PHP: 5.4.45
Servidor: localhost
URI: /comunidades/1.0/aplicacion.php?tm=1&tcm=previsualizacion&ai=comunidades||3496
Referrer: http://localhost:8080/comunidades/1.0/aplicacion.php?tm=1&tcm=previsualizacion&ai=comunidades||3494
Host: 10.0.2.2
==========
[INFO][toba] Se detecto acceso desde el menu. Se limpia la memoria de la operacion
[DEBUG][comunidades] INSTALACION "C:/ServidorWeb/comunidades/instalacion"
[DEBUG][comunidades] Parametros instancia desarrollo: array (
  'base' => 'toba_2_7',
  'proyectos' => 'toba_editor, toba_referencia, toba_usuarios, comunidades',
  'tipo' => 'normal',
  'toba_editor' => 
  array (
    'path' => 'C:\\ServidorWeb\\comunidades\\vendor\\siu-toba\\framework/proyectos/toba_editor',
    'url' => '/toba_editor/2.7',
  ),
  'toba_referencia' => 
  array (
    'path' => 'C:\\ServidorWeb\\comunidades\\vendor\\siu-toba\\framework/proyectos/toba_referencia',
    'url' => '/toba_referencia/2.7',
  ),
  'toba_usuarios' => 
  array (
    'path' => 'C:\\ServidorWeb\\comunidades\\vendor\\siu-toba\\framework/proyectos/toba_usuarios',
    'url' => '/toba_usuarios/2.7',
  ),
  'comunidades' => 
  array (
    'path' => 'C:\\ServidorWeb\\comunidades\\src',
    'url' => '/comunidades/1.0',
  ),
)
[DEBUG][comunidades] INSTANCIA "desarrollo"
[DEBUG][comunidades] Conectando a base 'toba_2_7'
[DEBUG][comunidades] Parametros de conexion: array (
  'motor' => 'postgres7',
  'profile' => 'localhost',
  'usuario' => 'postgres',
  'clave' => 'pgsadmin',
  'base' => 'toba_2_7',
  'puerto' => '5432',
  'encoding' => 'LATIN1',
  'schema' => 'desarrollo',
)
[DEBUG][comunidades] PROYECTO "comunidades"
[DEBUG][comunidades] PUNTO DE MONTAJE: se cargó exitosamente el autoload del punto de montaje proyecto
[DEBUG][comunidades] PROYECTO "comunidades"
[DEBUG][comunidades] (
				SELECT 	amo.padre,
							amo.carpeta,
							amo.proyecto,
							amo.item,
							amo.descripcion as nombre,
							ai.orden as 		orden,
							ai.imagen,
							ai.imagen_recurso_origen,
							amo.padre = '1' as es_primer_nivel
				   FROM 
							apex_usuario_grupo_acc auga
						JOIN apex_menu_operaciones amo ON (auga.menu_usuario = amo.menu_id AND auga.proyecto = amo.proyecto)
						JOIN apex_usuario_grupo_acc_item augai ON (auga.proyecto = augai.proyecto AND auga.usuario_grupo_acc = augai.usuario_grupo_acc AND augai.item = amo.item)
						JOIN apex_item ai ON (augai.item = ai.item AND augai.proyecto = ai.proyecto)	
				  WHERE (ai.menu = 1)
					AND ai.item != ai.padre
					AND	(auga.usuario_grupo_acc IN ('admin') OR ai.publico = 1)
					AND	(amo.proyecto = 'comunidades')
					AND auga.menu_usuario IS NOT NULL
			UNION
				SELECT 	ai.padre,
						ai.carpeta,
						ai.proyecto,
						ai.item,
						ai.nombre as nombre,
						ai.orden as 		orden,
						ai.imagen,
						ai.imagen_recurso_origen,
						ai.padre = '1' as es_primer_nivel
				FROM 
						apex_usuario_grupo_acc auga
					JOIN apex_usuario_grupo_acc_item augai ON (auga.proyecto = augai.proyecto AND auga.usuario_grupo_acc = augai.usuario_grupo_acc)
					JOIN apex_item ai ON (augai.item = ai.item AND augai.proyecto = ai.proyecto)	
				WHERE auga.menu_usuario is null
					AND (ai.menu = 1)
					AND ai.item != ai.padre
					AND	(auga.usuario_grupo_acc IN ('admin') OR ai.publico = 1)
					AND	(ai.proyecto = 'comunidades')
			) ORDER BY 1, 6
[DEBUG][toba] [SECCION] Iniciando componentes...
[INFO][comunidades] PUNTO MONTAJE: se cargó la clase templos/ci_templos.php del punto de montaje proyecto. El path del mismo es C:\ServidorWeb\comunidades\src/php
[DEBUG][toba] componente(2459): [callback][ ini__operacion ]
[DEBUG][toba] [SECCION] Procesando eventos...
[INFO][toba] componente(2459): No hay seńales de un servicio anterior, no se atrapan eventos
[DEBUG][toba] [SECCION] Configurando dependencias para responder al servicio...
[DEBUG][toba] componente(2459): Pantalla de servicio: 'pant_seleccion'
[INFO][toba] componente(2459): [ callback ] 'conf__pant_seleccion' no fue atrapado
[DEBUG][toba] componente(2459): [ callback ] 'conf__cuadro'
[INFO][comunidades] PUNTO MONTAJE: se cargó la clase datos/dt_templos.php del punto de montaje proyecto. El path del mismo es C:\ServidorWeb\comunidades\src/php
[DEBUG][comunidades] Inicializando perfil de datos para el proyecto comunidades
[DEBUG][comunidades] SQL con perfil de datos: SELECT
			t_t.id_templo,
			t_c.comunidad as id_comunidad_nombre,
			t_t.templo,
			t_t.direccion
		FROM
			templos as t_t,
			comunidades as t_c
		WHERE
				t_t.id_comunidad = t_c.id_comunidad
		ORDER BY templo
[DEBUG][toba] [SECCION] Respondiendo al servicio__generar_html...

